<?xml version="1.0" encoding="UTF-8"?>
<!-- Generated by org.testng.reporters.JUnitXMLReporter -->
<testsuite ignored="0" hostname="SIVA-DESKTOP" failures="0" tests="3" name="regressionTest" time="37.31" errors="0" timestamp="22 Apr 2023 06:05:31 GMT">
  <testcase classname="testCases.HomeTest" name="test3" time="0.007"/>
  <testcase classname="testCases.LoginTest" name="test1" time="8.497"/>
  <testcase classname="testCases.LoginTest" name="test2" time="8.638"/>
</testsuite> <!-- regressionTest -->
