<?xml version="1.0" encoding="UTF-8"?>
<testng-results ignored="0" total="2" passed="2" failed="0" skipped="0">
  <reporter-output>
  </reporter-output>
  <suite started-at="2023-04-23T07:26:56Z" name="Suite" finished-at="2023-04-23T07:27:07Z" duration-ms="10948">
    <groups>
    </groups>
    <test started-at="2023-04-23T07:26:56Z" name="RregressionTests" finished-at="2023-04-23T07:27:07Z" duration-ms="10948">
      <class name="testCases.LoginTest">
        <test-method is-config="true" signature="ReportSetUp()[pri:0, instance:testCases.LoginTest@4b7dc788]" started-at="2023-04-23T07:26:56Z" name="ReportSetUp" finished-at="2023-04-23T07:26:57Z" duration-ms="778" status="PASS">
          <reporter-output>
          </reporter-output>
        </test-method> <!-- ReportSetUp -->
        <test-method is-config="true" signature="SetUp(java.lang.reflect.Method)[pri:0, instance:testCases.LoginTest@4b7dc788]" started-at="2023-04-23T07:26:57Z" name="SetUp" finished-at="2023-04-23T07:27:01Z" duration-ms="4300" status="PASS">
          <params>
            <param index="0">
              <value>
                <![CDATA[public void testCases.LoginTest.negativeTest() throws com.codoid.products.exception.FilloException,java.lang.InterruptedException]]>
              </value>
            </param>
          </params>
          <reporter-output>
          </reporter-output>
        </test-method> <!-- SetUp -->
        <test-method signature="negativeTest()[pri:0, instance:testCases.LoginTest@4b7dc788]" started-at="2023-04-23T07:27:01Z" name="negativeTest" finished-at="2023-04-23T07:27:01Z" duration-ms="547" status="PASS">
          <reporter-output>
          </reporter-output>
        </test-method> <!-- negativeTest -->
        <test-method is-config="true" signature="TearDown()[pri:0, instance:testCases.LoginTest@4b7dc788]" started-at="2023-04-23T07:27:01Z" name="TearDown" finished-at="2023-04-23T07:27:02Z" duration-ms="881" status="PASS">
          <reporter-output>
          </reporter-output>
        </test-method> <!-- TearDown -->
        <test-method is-config="true" signature="SetUp(java.lang.reflect.Method)[pri:0, instance:testCases.LoginTest@4b7dc788]" started-at="2023-04-23T07:27:02Z" name="SetUp" finished-at="2023-04-23T07:27:05Z" duration-ms="2728" status="PASS">
          <params>
            <param index="0">
              <value>
                <![CDATA[public void testCases.LoginTest.positiveTest() throws com.codoid.products.exception.FilloException,java.lang.InterruptedException]]>
              </value>
            </param>
          </params>
          <reporter-output>
          </reporter-output>
        </test-method> <!-- SetUp -->
        <test-method signature="positiveTest()[pri:0, instance:testCases.LoginTest@4b7dc788]" started-at="2023-04-23T07:27:05Z" name="positiveTest" finished-at="2023-04-23T07:27:06Z" duration-ms="681" status="PASS">
          <reporter-output>
          </reporter-output>
        </test-method> <!-- positiveTest -->
        <test-method is-config="true" signature="TearDown()[pri:0, instance:testCases.LoginTest@4b7dc788]" started-at="2023-04-23T07:27:06Z" name="TearDown" finished-at="2023-04-23T07:27:06Z" duration-ms="634" status="PASS">
          <reporter-output>
          </reporter-output>
        </test-method> <!-- TearDown -->
        <test-method is-config="true" signature="ReportClean()[pri:0, instance:testCases.LoginTest@4b7dc788]" started-at="2023-04-23T07:27:06Z" name="ReportClean" finished-at="2023-04-23T07:27:07Z" duration-ms="385" status="PASS">
          <reporter-output>
          </reporter-output>
        </test-method> <!-- ReportClean -->
      </class> <!-- testCases.LoginTest -->
    </test> <!-- RregressionTests -->
  </suite> <!-- Suite -->
</testng-results>
