<?xml version="1.0" encoding="UTF-8"?>
<testng-results ignored="0" total="2" passed="2" failed="0" skipped="0">
  <reporter-output>
  </reporter-output>
  <suite started-at="2023-04-23T07:28:37Z" name="Suite" finished-at="2023-04-23T07:28:47Z" duration-ms="9922">
    <groups>
    </groups>
    <test started-at="2023-04-23T07:28:37Z" name="RregressionTests" finished-at="2023-04-23T07:28:47Z" duration-ms="9922">
      <class name="testCases.LoginTest">
        <test-method is-config="true" signature="ReportSetUp()[pri:0, instance:testCases.LoginTest@1d483de4]" started-at="2023-04-23T07:28:37Z" name="ReportSetUp" finished-at="2023-04-23T07:28:38Z" duration-ms="784" status="PASS">
          <reporter-output>
          </reporter-output>
        </test-method> <!-- ReportSetUp -->
        <test-method is-config="true" signature="SetUp(java.lang.reflect.Method)[pri:0, instance:testCases.LoginTest@1d483de4]" started-at="2023-04-23T07:28:38Z" name="SetUp" finished-at="2023-04-23T07:28:41Z" duration-ms="3276" status="PASS">
          <params>
            <param index="0">
              <value>
                <![CDATA[public void testCases.LoginTest.negativeTest() throws com.codoid.products.exception.FilloException,java.lang.InterruptedException]]>
              </value>
            </param>
          </params>
          <reporter-output>
          </reporter-output>
        </test-method> <!-- SetUp -->
        <test-method signature="negativeTest()[pri:0, instance:testCases.LoginTest@1d483de4]" started-at="2023-04-23T07:28:41Z" name="negativeTest" finished-at="2023-04-23T07:28:42Z" duration-ms="656" status="PASS">
          <reporter-output>
          </reporter-output>
        </test-method> <!-- negativeTest -->
        <test-method is-config="true" signature="TearDown()[pri:0, instance:testCases.LoginTest@1d483de4]" started-at="2023-04-23T07:28:42Z" name="TearDown" finished-at="2023-04-23T07:28:43Z" duration-ms="819" status="PASS">
          <reporter-output>
          </reporter-output>
        </test-method> <!-- TearDown -->
        <test-method is-config="true" signature="SetUp(java.lang.reflect.Method)[pri:0, instance:testCases.LoginTest@1d483de4]" started-at="2023-04-23T07:28:43Z" name="SetUp" finished-at="2023-04-23T07:28:45Z" duration-ms="2798" status="PASS">
          <params>
            <param index="0">
              <value>
                <![CDATA[public void testCases.LoginTest.positiveTest() throws com.codoid.products.exception.FilloException,java.lang.InterruptedException]]>
              </value>
            </param>
          </params>
          <reporter-output>
          </reporter-output>
        </test-method> <!-- SetUp -->
        <test-method signature="positiveTest()[pri:0, instance:testCases.LoginTest@1d483de4]" started-at="2023-04-23T07:28:45Z" name="positiveTest" finished-at="2023-04-23T07:28:46Z" duration-ms="465" status="PASS">
          <reporter-output>
          </reporter-output>
        </test-method> <!-- positiveTest -->
        <test-method is-config="true" signature="TearDown()[pri:0, instance:testCases.LoginTest@1d483de4]" started-at="2023-04-23T07:28:46Z" name="TearDown" finished-at="2023-04-23T07:28:47Z" duration-ms="728" status="PASS">
          <reporter-output>
          </reporter-output>
        </test-method> <!-- TearDown -->
        <test-method is-config="true" signature="ReportClean()[pri:0, instance:testCases.LoginTest@1d483de4]" started-at="2023-04-23T07:28:47Z" name="ReportClean" finished-at="2023-04-23T07:28:47Z" duration-ms="375" status="PASS">
          <reporter-output>
          </reporter-output>
        </test-method> <!-- ReportClean -->
      </class> <!-- testCases.LoginTest -->
    </test> <!-- RregressionTests -->
  </suite> <!-- Suite -->
</testng-results>
